[22:23:23] [ServerMain/WARN]: Invalid registry value type detected for PerfOS counters. Should be REG_DWORD. Ignoring: HKEY_LOCAL_MACHINE\SYSTEM\CurrentControlSet\Services\PerfOS\Performance\Disable Performance Counters.
[22:23:31] [ServerMain/INFO]: Environment: Environment[sessionHost=https://sessionserver.mojang.com, servicesHost=https://api.minecraftservices.com, name=PROD]
[22:23:33] [ServerMain/INFO]: No existing world data, creating new world
[22:23:34] [ServerMain/INFO]: Loaded 7 recipes
[22:23:34] [ServerMain/INFO]: Loaded 1271 advancements
[22:23:36] [Server thread/INFO]: Starting minecraft server version 1.20.4
[22:23:36] [Server thread/INFO]: Loading properties
[22:23:36] [Server thread/INFO]: Default game type: SURVIVAL
[22:23:36] [Server thread/INFO]: Generating keypair
[22:23:36] [Server console handler/ERROR]: Exception handling console input
java.io.IOException: The handle is invalid
	at java.io.FileInputStream.readBytes(Native Method) ~[?:?]
	at java.io.FileInputStream.read(FileInputStream.java:276) ~[?:?]
	at java.io.BufferedInputStream.read1(BufferedInputStream.java:282) ~[?:?]
	at java.io.BufferedInputStream.read(BufferedInputStream.java:343) ~[?:?]
	at sun.nio.cs.StreamDecoder.readBytes(StreamDecoder.java:270) ~[?:?]
	at sun.nio.cs.StreamDecoder.implRead(StreamDecoder.java:313) ~[?:?]
	at sun.nio.cs.StreamDecoder.read(StreamDecoder.java:188) ~[?:?]
	at java.io.InputStreamReader.read(InputStreamReader.java:177) ~[?:?]
	at java.io.BufferedReader.fill(BufferedReader.java:162) ~[?:?]
	at java.io.BufferedReader.readLine(BufferedReader.java:329) ~[?:?]
	at java.io.BufferedReader.readLine(BufferedReader.java:396) ~[?:?]
	at ama$1.run(SourceFile:89) ~[server-1.20.4.jar:?]
[22:23:36] [Server thread/INFO]: Starting Minecraft server on *:25565
[22:23:36] [Server thread/INFO]: Using default channel type
[22:23:37] [Server thread/INFO]: Preparing level "world"
[22:23:42] [Server thread/INFO]: Preparing start region for dimension minecraft:overworld
[22:23:43] [Worker-Main-1/INFO]: Preparing spawn area: 0%
[22:23:43] [Worker-Main-1/INFO]: Preparing spawn area: 0%
[22:23:43] [Worker-Main-1/INFO]: Preparing spawn area: 0%
[22:23:43] [Worker-Main-3/INFO]: Preparing spawn area: 0%
[22:23:44] [Worker-Main-5/INFO]: Preparing spawn area: 0%
[22:23:44] [Worker-Main-6/INFO]: Preparing spawn area: 0%
[22:23:45] [Worker-Main-4/INFO]: Preparing spawn area: 0%
[22:23:45] [Worker-Main-1/INFO]: Preparing spawn area: 0%
[22:23:46] [Worker-Main-2/INFO]: Preparing spawn area: 1%
[22:23:46] [Worker-Main-3/INFO]: Preparing spawn area: 2%
[22:23:47] [Worker-Main-6/INFO]: Preparing spawn area: 2%
[22:23:47] [Worker-Main-1/INFO]: Preparing spawn area: 3%
[22:23:48] [Worker-Main-3/INFO]: Preparing spawn area: 4%
[22:23:48] [Worker-Main-4/INFO]: Preparing spawn area: 5%
[22:23:49] [Worker-Main-4/INFO]: Preparing spawn area: 7%
[22:23:49] [Worker-Main-7/INFO]: Preparing spawn area: 9%
[22:23:50] [Worker-Main-3/INFO]: Preparing spawn area: 10%
[22:23:50] [Worker-Main-5/INFO]: Preparing spawn area: 12%
[22:23:51] [Worker-Main-7/INFO]: Preparing spawn area: 14%
[22:23:53] [Worker-Main-5/INFO]: Preparing spawn area: 15%
[22:23:53] [Worker-Main-2/INFO]: Preparing spawn area: 15%
[22:23:53] [Worker-Main-4/INFO]: Preparing spawn area: 15%
[22:23:53] [Worker-Main-5/INFO]: Preparing spawn area: 17%
[22:23:53] [Worker-Main-7/INFO]: Preparing spawn area: 18%
[22:23:54] [Worker-Main-2/INFO]: Preparing spawn area: 21%
[22:23:54] [Worker-Main-3/INFO]: Preparing spawn area: 23%
[22:23:55] [Worker-Main-6/INFO]: Preparing spawn area: 25%
[22:23:55] [Worker-Main-3/INFO]: Preparing spawn area: 27%
[22:23:56] [Worker-Main-5/INFO]: Preparing spawn area: 30%
[22:23:56] [Worker-Main-5/INFO]: Preparing spawn area: 32%
[22:23:57] [Worker-Main-1/INFO]: Preparing spawn area: 34%
[22:23:57] [Worker-Main-6/INFO]: Preparing spawn area: 36%
[22:23:58] [Worker-Main-5/INFO]: Preparing spawn area: 39%
[22:23:58] [Worker-Main-4/INFO]: Preparing spawn area: 42%
[22:23:59] [Worker-Main-3/INFO]: Preparing spawn area: 43%
[22:24:01] [Worker-Main-2/INFO]: Preparing spawn area: 45%
[22:24:01] [Worker-Main-6/INFO]: Preparing spawn area: 45%
[22:24:01] [Worker-Main-6/INFO]: Preparing spawn area: 45%
[22:24:01] [Worker-Main-6/INFO]: Preparing spawn area: 45%
[22:24:01] [Worker-Main-1/INFO]: Preparing spawn area: 46%
[22:24:02] [Worker-Main-1/INFO]: Preparing spawn area: 47%
[22:24:02] [Worker-Main-4/INFO]: Preparing spawn area: 50%
[22:24:03] [Worker-Main-2/INFO]: Preparing spawn area: 52%
[22:24:03] [Worker-Main-2/INFO]: Preparing spawn area: 55%
[22:24:04] [Worker-Main-7/INFO]: Preparing spawn area: 58%
[22:24:04] [Worker-Main-3/INFO]: Preparing spawn area: 60%
[22:24:05] [Worker-Main-1/INFO]: Preparing spawn area: 63%
[22:24:05] [Worker-Main-6/INFO]: Preparing spawn area: 66%
[22:24:06] [Worker-Main-2/INFO]: Preparing spawn area: 69%
[22:24:06] [Worker-Main-2/INFO]: Preparing spawn area: 71%
[22:24:07] [Worker-Main-6/INFO]: Preparing spawn area: 72%
[22:24:07] [Worker-Main-5/INFO]: Preparing spawn area: 76%
[22:24:08] [Worker-Main-3/INFO]: Preparing spawn area: 79%
[22:24:08] [Worker-Main-1/INFO]: Preparing spawn area: 82%
[22:24:09] [Worker-Main-2/INFO]: Preparing spawn area: 84%
[22:24:09] [Worker-Main-7/INFO]: Preparing spawn area: 86%
[22:24:10] [Worker-Main-5/INFO]: Preparing spawn area: 89%
[22:24:10] [Worker-Main-5/INFO]: Preparing spawn area: 93%
[22:24:11] [Worker-Main-2/INFO]: Preparing spawn area: 96%
[22:24:12] [Worker-Main-6/INFO]: Preparing spawn area: 99%
[22:24:12] [Server thread/INFO]: Time elapsed: 29558 ms
[22:24:12] [Server thread/INFO]: Done (34.898s)! For help, type "help"
[22:24:14] [Server thread/WARN]: Can't keep up! Is the server overloaded? Running 2046ms or 40 ticks behind
[22:25:59] [Server thread/INFO]: Stopping server
[22:25:59] [Server thread/INFO]: Saving players
[22:25:59] [Server thread/INFO]: Saving worlds
[22:26:00] [Server thread/INFO]: Saving chunks for level 'ServerLevel[world]'/minecraft:overworld
[22:26:01] [Server thread/INFO]: Saving chunks for level 'ServerLevel[world]'/minecraft:the_nether
[22:26:01] [Server thread/INFO]: Saving chunks for level 'ServerLevel[world]'/minecraft:the_end
[22:26:01] [Server thread/INFO]: ThreadedAnvilChunkStorage (world): All chunks are saved
[22:26:01] [Server thread/INFO]: ThreadedAnvilChunkStorage (DIM-1): All chunks are saved
[22:26:01] [Server thread/INFO]: ThreadedAnvilChunkStorage (DIM1): All chunks are saved
[22:26:01] [Server thread/INFO]: ThreadedAnvilChunkStorage: All dimensions are saved
